Begin GET to / on localhost at Mon, 20 Feb 2017 09:45:52 +0000
Finish 500 in 6.561ms
Begin GET to / on localhost at Mon, 20 Feb 2017 09:46:03 +0000
Finish 500 in 2.642ms
Begin GET to / on localhost at Mon, 20 Feb 2017 09:46:04 +0000
Finish 500 in 5.269ms
Begin GET to / on localhost at Mon, 20 Feb 2017 09:46:18 +0000
Finish 500 in 6.509ms
Begin GET to / on localhost at Mon, 20 Feb 2017 09:47:27 +0000
Finish 500 in 2.244ms
Begin GET to / on localhost at Mon, 20 Feb 2017 09:47:44 +0000
Finish 500 in 2.286ms
Begin GET to / on localhost at Mon, 20 Feb 2017 09:47:45 +0000
Finish 500 in 2.327ms
Begin GET to /users on localhost at Mon, 20 Feb 2017 09:47:47 +0000
Finish 404 in 0.448ms
Begin GET to /login on localhost at Mon, 20 Feb 2017 09:48:20 +0000
Finish 404 in 3.479ms
Begin GET to /login on localhost at Mon, 20 Feb 2017 09:49:26 +0000
Finish 404 in 2.99ms
Begin GET to /login on localhost at Mon, 20 Feb 2017 09:49:26 +0000
Finish 404 in 2.696ms
Begin GET to /login on localhost at Mon, 20 Feb 2017 09:49:34 +0000
Finish 404 in 2.842ms
Begin GET to /login on localhost at Mon, 20 Feb 2017 09:49:34 +0000
Finish 404 in 2.601ms
Begin GET to /login on localhost at Mon, 20 Feb 2017 09:49:34 +0000
Finish 404 in 5.315ms
Begin GET to /login on localhost at Mon, 20 Feb 2017 09:49:34 +0000
Finish 404 in 2.72ms
Begin GET to /login on localhost at Mon, 20 Feb 2017 09:49:35 +0000
Finish 404 in 2.538ms
Begin GET to /login on localhost at Mon, 20 Feb 2017 09:49:35 +0000
Finish 404 in 4.571ms
Begin GET to /login on localhost at Mon, 20 Feb 2017 09:49:35 +0000
Finish 404 in 2.973ms
Begin GET to /login on localhost at Mon, 20 Feb 2017 09:50:06 +0000
Finish 200 in 4.277ms
Begin GET to /admin/login on localhost at Mon, 20 Feb 2017 09:50:13 +0000
Finish 200 in 5.578ms
Begin GET to / on localhost at Mon, 20 Feb 2017 09:50:13 +0000
Finish 500 in 2.527ms
Begin GET to / on localhost at Mon, 20 Feb 2017 09:50:43 +0000
Finish 500 in 2.056ms
Begin GET to / on localhost at Mon, 20 Feb 2017 09:50:43 +0000
Finish 500 in 4.727ms
Begin GET to / on localhost at Mon, 20 Feb 2017 09:50:43 +0000
Finish 500 in 5.754ms
Begin GET to / on localhost at Mon, 20 Feb 2017 09:50:44 +0000
Finish 500 in 2.262ms
Begin GET to / on localhost at Mon, 20 Feb 2017 09:50:44 +0000
Finish 500 in 2.581ms
Begin GET to / on localhost at Mon, 20 Feb 2017 09:50:48 +0000
Finish 500 in 2.167ms
Begin GET to / on localhost at Mon, 20 Feb 2017 09:51:29 +0000
Finish 500 in 4.703ms
Begin GET to / on localhost at Mon, 20 Feb 2017 09:51:38 +0000
Finish 500 in 3.533ms
Begin GET to / on localhost at Mon, 20 Feb 2017 09:52:22 +0000
Finish 500 in 8.549ms
Begin GET to / on localhost at Mon, 20 Feb 2017 09:53:36 +0000
Finish 500 in 14.384ms
Begin GET to / on localhost at Mon, 20 Feb 2017 09:54:50 +0000
Finish 500 in 13.168ms
Begin GET to / on localhost at Mon, 20 Feb 2017 09:57:22 +0000
Finish 500 in 19.425ms
Begin GET to /users on localhost at Mon, 20 Feb 2017 09:57:27 +0000
Finish 404 in 2.289ms
Begin GET to /users on localhost at Mon, 20 Feb 2017 09:59:46 +0000
Finish 404 in 0.26ms
Begin GET to /calls on localhost at Mon, 20 Feb 2017 10:00:07 +0000
Finish 404 in 0.398ms
Begin GET to / on localhost at Mon, 20 Feb 2017 10:01:18 +0000
Finish 500 in 17.637ms
Begin GET to / on localhost at Mon, 20 Feb 2017 10:02:10 +0000
Finish 500 in 21.384ms
Begin GET to / on localhost at Mon, 20 Feb 2017 10:02:15 +0000
Finish 200 in 4.801ms
